-------------------------------------------------------------------------------
Test set: TestSuite
-------------------------------------------------------------------------------
Tests run: 14, Failures: 1, Errors: 0, Skipped: 0, Time elapsed: 75.859 sec <<< FAILURE! - in TestSuite
verify_UserAccountNumber(com.appModule.Signin_Test)  Time elapsed: 4.999 sec  <<< FAILURE!
java.lang.AssertionError: expected [50100051926707] but found [50100051926708]
	at com.appModule.Signin_Test.verify_UserAccountNumber(Signin_Test.java:100)

